<?xml version="1.0" encoding="UTF-8"?>
<testng-results ignored="0" total="2" passed="2" failed="0" skipped="0">
  <reporter-output>
  </reporter-output>
  <suite started-at="2023-01-29T11:16:07 IST" name="Default suite" finished-at="2023-01-29T11:17:39 IST" duration-ms="91640">
    <groups>
    </groups>
    <test started-at="2023-01-29T11:16:07 IST" name="Default test" finished-at="2023-01-29T11:17:39 IST" duration-ms="91640">
      <class name="Radiobutton">
        <test-method is-config="true" signature="testsetup()[pri:0, instance:Radiobutton@74751b3]" started-at="2023-01-29T11:16:07 IST" name="testsetup" finished-at="2023-01-29T11:16:11 IST" duration-ms="3248" status="PASS">
          <reporter-output>
          </reporter-output>
        </test-method> <!-- testsetup -->
        <test-method is-config="true" signature="OpenBrowser()[pri:0, instance:Radiobutton@74751b3]" started-at="2023-01-29T11:16:11 IST" name="OpenBrowser" finished-at="2023-01-29T11:17:09 IST" duration-ms="58617" status="PASS">
          <reporter-output>
          </reporter-output>
        </test-method> <!-- OpenBrowser -->
        <test-method signature="choose()[pri:0, instance:Radiobutton@74751b3]" started-at="2023-01-29T11:17:09 IST" name="choose" description="Checkbox" finished-at="2023-01-29T11:17:09 IST" duration-ms="31" status="PASS">
          <reporter-output>
          </reporter-output>
        </test-method> <!-- choose -->
        <test-method is-config="true" signature="postsignup()[pri:0, instance:Radiobutton@74751b3]" started-at="2023-01-29T11:17:09 IST" name="postsignup" finished-at="2023-01-29T11:17:09 IST" duration-ms="10" status="PASS">
          <reporter-output>
          </reporter-output>
        </test-method> <!-- postsignup -->
        <test-method is-config="true" signature="OpenBrowser()[pri:0, instance:Radiobutton@74751b3]" started-at="2023-01-29T11:17:09 IST" name="OpenBrowser" finished-at="2023-01-29T11:17:39 IST" duration-ms="29309" status="PASS">
          <reporter-output>
          </reporter-output>
        </test-method> <!-- OpenBrowser -->
        <test-method signature="choose2()[pri:0, instance:Radiobutton@74751b3]" started-at="2023-01-29T11:17:39 IST" name="choose2" description="checkbox2" finished-at="2023-01-29T11:17:39 IST" duration-ms="20" status="PASS">
          <reporter-output>
          </reporter-output>
        </test-method> <!-- choose2 -->
        <test-method is-config="true" signature="postsignup()[pri:0, instance:Radiobutton@74751b3]" started-at="2023-01-29T11:17:39 IST" name="postsignup" finished-at="2023-01-29T11:17:39 IST" duration-ms="10" status="PASS">
          <reporter-output>
          </reporter-output>
        </test-method> <!-- postsignup -->
        <test-method is-config="true" signature="afetrclass()[pri:0, instance:Radiobutton@74751b3]" started-at="2023-01-29T11:17:39 IST" name="afetrclass" finished-at="2023-01-29T11:17:39 IST" duration-ms="350" status="PASS">
          <reporter-output>
          </reporter-output>
        </test-method> <!-- afetrclass -->
      </class> <!-- Radiobutton -->
    </test> <!-- Default test -->
  </suite> <!-- Default suite -->
</testng-results>
